2025-08-15 12:22:39,874 - __main__ - INFO - === Система логирования инициализирована ===
2025-08-15 12:22:39,874 - __main__ - INFO - 🚀 === ЗАПУСК СИСТЕМЫ МОНИТОРИНГА ФАЙЛОВ STAT ===
2025-08-15 12:22:39,890 - __main__ - INFO - Базовая директория: r:\Подразделения\РИСК-менеджмент\Внутренние\3 - РИСК ЛИКВИДНОСТИ\1 - БАЛАНС\СКРИПТЫ\PyScripts\File_Watcher
2025-08-15 12:22:39,890 - __main__ - INFO - Проверка конфигурации системы...
2025-08-15 12:22:39,905 - core.utils - INFO - Проверка существования директорий...
2025-08-15 12:22:39,921 - core.utils - INFO - ✓ Директория мониторинга: Форма 01X и нормативы найден: q:\STAT\new_stat\STA_ARCH\ARX_F01\2025
2025-08-15 12:22:39,937 - core.utils - INFO - ✓ Директория мониторинга: Форма C5 найден: q:\STAT\new_stat\STA_ARCH\ARX_FC5\2025
2025-08-15 12:22:39,952 - core.utils - INFO - ✓ Директория мониторинга: Форма 6RX найден: q:\STAT\new_stat\STA_ARCH\ARX_6RX\2025
2025-08-15 12:22:39,968 - core.utils - INFO - ✓ Директория мониторинга: Форма 6JX и активы найден: q:\STAT\new_stat\STA_ARCH\ARX_6JX\2025
2025-08-15 12:22:39,982 - core.utils - INFO - ✓ Директория мониторинга: Форма 6KX и SR файлы найден: q:\STAT\new_stat\STA_ARCH\ARX_F6KX\2025
2025-08-15 12:22:39,990 - core.utils - INFO - ✓ Директория мониторинга: Форма 42X найден: q:\STAT\new_stat\STA_ARCH\ARX_F42\2025
2025-08-15 12:22:40,006 - core.utils - INFO - ✓ Базовая директория назначения найден: r:\Подразделения\РИСК-менеджмент\Внутренние\3 - РИСК ЛИКВИДНОСТИ\1 - БАЛАНС
2025-08-15 12:22:40,021 - core.utils - INFO - ✓ Директория с иконкой найден: r:\Подразделения\РИСК-менеджмент\Внутренние\3 - РИСК ЛИКВИДНОСТИ\1 - БАЛАНС\СКРИПТЫ\PyScripts\File_Watcher
2025-08-15 12:22:40,021 - core.utils - INFO - === Тестирование условий фильтрации файлов ===
2025-08-15 12:22:40,037 - core.utils - INFO - 
Директория: q:\STAT\new_stat\STA_ARCH\ARX_F01\2025
2025-08-15 12:22:40,037 - core.utils - INFO -   Подходящие файлы: 01X_13082025.xlsx, нормативы_13082025.xlsx
2025-08-15 12:22:40,062 - core.utils - INFO - 
Директория: q:\STAT\new_stat\STA_ARCH\ARX_FC5\2025
2025-08-15 12:22:40,072 - core.utils - INFO -   Подходящие файлы: С5_13082025.xlsx, c5_test.xlsx
2025-08-15 12:22:40,082 - core.utils - INFO - 
Директория: q:\STAT\new_stat\STA_ARCH\ARX_6RX\2025
2025-08-15 12:22:40,091 - core.utils - INFO -   Подходящие файлы: 6RX_13082025.xlsx, 6рх_test.xlsx
2025-08-15 12:22:40,092 - core.utils - INFO - 
Директория: q:\STAT\new_stat\STA_ARCH\ARX_6JX\2025
2025-08-15 12:22:40,107 - core.utils - INFO -   Подходящие файлы: 6JX_13082025.xlsx
2025-08-15 12:22:40,111 - core.utils - INFO - 
Директория: q:\STAT\new_stat\STA_ARCH\ARX_F6KX\2025
2025-08-15 12:22:40,111 - core.utils - INFO -   Подходящие файлы: 6КХ_13082025.xlsx, 6КХ_данi_13082025.xlsx, sr_13082025.TXT, 6kx_test.xlsx
2025-08-15 12:22:40,127 - core.utils - INFO - 
Директория: q:\STAT\new_stat\STA_ARCH\ARX_F42\2025
2025-08-15 12:22:40,133 - core.utils - INFO -   Подходящие файлы: 42x_test.xlsx
2025-08-15 12:22:40,138 - core.utils - INFO - === Конец тестирования ===

2025-08-15 12:22:40,143 - __main__ - INFO - Создание наблюдателей файловой системы...
2025-08-15 12:22:40,154 - __main__ - INFO - ✅ Запущен наблюдатель: Форма 01X и нормативы -> q:\STAT\new_stat\STA_ARCH\ARX_F01\2025
2025-08-15 12:22:40,160 - __main__ - INFO - ✅ Запущен наблюдатель: Форма C5 -> q:\STAT\new_stat\STA_ARCH\ARX_FC5\2025
2025-08-15 12:22:40,160 - __main__ - INFO - ✅ Запущен наблюдатель: Форма 6RX -> q:\STAT\new_stat\STA_ARCH\ARX_6RX\2025
2025-08-15 12:22:40,176 - __main__ - INFO - ✅ Запущен наблюдатель: Форма 6JX и активы -> q:\STAT\new_stat\STA_ARCH\ARX_6JX\2025
2025-08-15 12:22:40,176 - __main__ - INFO - ✅ Запущен наблюдатель: Форма 6KX и SR файлы -> q:\STAT\new_stat\STA_ARCH\ARX_F6KX\2025
2025-08-15 12:22:40,190 - __main__ - INFO - ✅ Запущен наблюдатель: Форма 42X -> q:\STAT\new_stat\STA_ARCH\ARX_F42\2025
2025-08-15 12:22:40,190 - __main__ - INFO - Создано 6 активных наблюдателей из 6 возможных
2025-08-15 12:22:40,211 - __main__ - INFO - Инициализация пользовательского интерфейса...
2025-08-15 12:22:40,585 - ui.tray_app - INFO - Системный трей настроен успешно
2025-08-15 12:22:40,591 - __main__ - INFO - Запуск фонового мониторинга системы...
2025-08-15 12:22:40,591 - __main__ - INFO - 🎯 Система запущена успешно! Активных наблюдателей: 6
2025-08-15 12:22:40,623 - ui.notifications - INFO - Показано статусное уведомление: 📊 File Watcher
2025-08-15 12:22:40,638 - __main__ - INFO - Запуск в режиме системного трея...
2025-08-15 12:22:40,654 - ui.tray_app - INFO - Запуск системного трея...
2025-08-15 12:23:08,842 - ui.notifications - INFO - Показано статусное уведомление: 📊 File Watcher - Статус
2025-08-15 12:23:08,842 - ui.tray_app - INFO - Показан статус: 6/6 активных наблюдателей
2025-08-15 12:23:31,179 - ui.tray_app - INFO - Инициировано завершение работы из системного трея...
2025-08-15 12:23:31,210 - ui.notifications - INFO - Показано статусное уведомление: 📊 File Watcher
2025-08-15 12:23:31,225 - __main__ - INFO - Завершение работы системы...
2025-08-15 12:23:31,241 - __main__ - INFO - Остановка наблюдателей файловой системы...
2025-08-15 12:23:31,272 - __main__ - INFO - ✅ Остановлен: Форма 01X и нормативы
2025-08-15 12:23:31,303 - __main__ - INFO - ✅ Остановлен: Форма C5
2025-08-15 12:23:31,335 - __main__ - INFO - ✅ Остановлен: Форма 6RX
2025-08-15 12:23:31,366 - __main__ - INFO - ✅ Остановлен: Форма 6JX и активы
2025-08-15 12:23:31,397 - __main__ - INFO - ✅ Остановлен: Форма 6KX и SR файлы
2025-08-15 12:23:31,428 - __main__ - INFO - ✅ Остановлен: Форма 42X
2025-08-15 12:23:31,428 - __main__ - INFO - Все наблюдатели остановлены
2025-08-15 12:23:31,444 - __main__ - INFO - === СИСТЕМА ОСТАНОВЛЕНА ===
